<?xml version="1.0" encoding="UTF-8"?>
<!-- Generated by org.testng.reporters.JUnitReportReporter -->
<testsuite skipped="0" hostname="Asus" name="com.shantu.maven.NewTest" tests="1" failures="0" timestamp="30 Jul 2017 07:03:25 GMT" time="34.188" errors="0">
  <testcase name="f" time="34.188" classname="com.shantu.maven.NewTest"/>
</testsuite> <!-- com.shantu.maven.NewTest -->
