<?xml version="1.0" encoding="UTF-8"?>
<!-- Generated by org.testng.reporters.JUnitReportReporter -->
<testsuite hostname="Asus" name="jenkins.Test1" tests="1" failures="0" timestamp="20 Aug 2017 17:27:11 GMT" time="43.343" errors="0">
  <testcase name="f" time="43.343" classname="jenkins.Test1"/>
</testsuite> <!-- jenkins.Test1 -->
